SF:lib/counter_domain/logic/counter_logic.dart
DA:11,1
DA:12,1
DA:13,3
DA:15,2
DA:16,3
DA:17,8
DA:19,2
DA:20,3
DA:21,8
LF:9
LH:9
end_of_record
SF:lib/model/app_state.g.dart
DA:9,0
DA:17,0
DA:20,0
DA:22,0
DA:25,0
DA:26,0
DA:31,0
DA:34,0
DA:36,0
DA:37,0
DA:38,0
DA:39,0
DA:40,0
DA:42,0
DA:43,0
DA:49,0
DA:57,1
DA:58,3
DA:60,2
DA:62,1
DA:64,3
DA:66,1
DA:67,2
DA:69,1
DA:72,4
DA:75,0
DA:77,0
DA:80,0
DA:82,0
DA:83,0
DA:91,3
DA:92,3
DA:94,1
DA:96,1
DA:97,1
DA:99,2
DA:100,1
DA:105,1
DA:107,1
DA:108,1
DA:111,1
DA:113,1
DA:116,1
DA:117,1
DA:119,1
DA:120,3
DA:121,1
LF:47
LH:26
end_of_record
SF:lib/model/app_state.dart
DA:7,0
DA:11,1
DA:14,1
DA:15,3
LF:4
LH:3
end_of_record
