SF:lib/counting/logic/events/counting_decrease_event.g.dart
DA:13,2
DA:15,6
DA:17,4
DA:18,2
DA:19,2
DA:22,1
DA:25,3
DA:27,1
DA:29,2
DA:31,1
DA:34,4
DA:37,1
DA:39,4
DA:42,1
DA:44,2
DA:45,2
DA:46,1
DA:55,6
DA:56,6
DA:58,2
DA:60,2
DA:61,2
DA:63,2
DA:64,1
DA:69,2
DA:71,2
DA:72,2
DA:75,2
DA:77,2
DA:80,1
DA:81,1
DA:83,2
DA:84,2
DA:85,2
DA:86,2
DA:87,2
DA:88,2
LF:37
LH:37
end_of_record
SF:lib/counting/logic/events/counting_decrease_event.dart
DA:10,2
LF:1
LH:1
end_of_record
SF:lib/counting/logic/events/counting_increase_event.g.dart
DA:13,2
DA:15,6
DA:17,4
DA:18,2
DA:19,2
DA:22,1
DA:25,3
DA:27,1
DA:29,2
DA:31,1
DA:34,4
DA:37,1
DA:39,4
DA:42,1
DA:44,2
DA:45,2
DA:46,1
DA:55,6
DA:56,6
DA:58,2
DA:60,2
DA:61,2
DA:63,2
DA:64,1
DA:69,2
DA:71,2
DA:72,2
DA:75,2
DA:77,2
DA:80,1
DA:81,1
DA:83,2
DA:84,2
DA:85,2
DA:86,2
DA:87,2
DA:88,2
LF:37
LH:37
end_of_record
SF:lib/counting/logic/events/counting_increase_event.dart
DA:10,2
LF:1
LH:1
end_of_record
SF:lib/counting/logic/counting_bloc.dart
DA:5,2
DA:6,2
DA:7,3
DA:8,3
DA:9,1
DA:11,2
DA:12,3
DA:13,3
DA:14,1
LF:9
LH:9
end_of_record
SF:lib/model/app_state/app_state_model.g.dart
DA:9,3
DA:17,1
DA:20,1
DA:22,2
DA:28,1
DA:31,1
DA:33,1
DA:34,1
DA:35,1
DA:36,1
DA:37,1
DA:39,1
DA:40,2
DA:46,1
DA:54,1
DA:55,3
DA:57,2
DA:58,2
DA:61,1
DA:63,3
DA:65,1
DA:66,2
DA:68,1
DA:71,4
DA:74,1
DA:76,4
DA:79,1
DA:81,4
DA:82,1
DA:90,3
DA:91,3
DA:93,1
DA:95,1
DA:96,1
DA:98,2
DA:99,1
DA:104,1
DA:106,1
DA:107,1
DA:110,1
DA:112,1
DA:115,1
DA:116,1
DA:118,1
DA:119,1
DA:120,1
DA:121,1
DA:122,1
DA:123,1
LF:49
LH:49
end_of_record
SF:lib/model/app_state/app_state_model.dart
DA:7,2
DA:11,1
DA:14,1
DA:15,3
LF:4
LH:4
end_of_record
SF:lib/model/serializers.g.dart
DA:9,2
DA:10,5
LF:2
LH:2
end_of_record
SF:lib/model/serializers.dart
DA:12,2
DA:13,5
LF:2
LH:2
end_of_record
